TN:
SF:lib\Employee.js
FN:13,Employee
FN:18,getName
FN:21,getId
FN:24,getEmail
FN:27,getRole
FNF:5
FNH:5
FNDA:16,Employee
FNDA:1,getName
FNDA:1,getId
FNDA:1,getEmail
FNDA:2,getRole
DA:1,1
DA:2,1
DA:3,1
DA:4,1
DA:5,1
DA:6,1
DA:7,1
DA:8,1
DA:9,1
DA:10,1
DA:11,1
DA:12,1
DA:13,1
DA:14,16
DA:15,16
DA:16,16
DA:17,16
DA:18,1
DA:19,1
DA:20,1
DA:21,1
DA:22,1
DA:23,1
DA:24,1
DA:25,1
DA:26,1
DA:27,1
DA:28,2
DA:29,2
DA:30,1
DA:31,1
LF:31
LH:31
BRDA:13,0,0,16
BRDA:18,1,0,1
BRDA:21,2,0,1
BRDA:24,3,0,1
BRDA:27,4,0,2
BRF:5
BRH:5
end_of_record
TN:
SF:lib\Intern.js
FN:16,Intern
FN:20,getRole
FN:23,getSchool
FNF:3
FNH:3
FNDA:3,Intern
FNDA:1,getRole
FNDA:1,getSchool
DA:1,1
DA:2,1
DA:3,1
DA:4,1
DA:5,1
DA:6,1
DA:7,1
DA:8,1
DA:9,1
DA:10,1
DA:11,1
DA:12,1
DA:13,1
DA:14,1
DA:15,1
DA:16,1
DA:17,3
DA:18,3
DA:19,3
DA:20,1
DA:21,1
DA:22,1
DA:23,1
DA:24,1
DA:25,1
DA:26,1
DA:27,1
LF:27
LH:27
BRDA:16,0,0,3
BRDA:20,1,0,1
BRDA:23,2,0,1
BRF:3
BRH:3
end_of_record
TN:
SF:lib\Manager.js
FN:16,Manager
FN:20,getRole
FN:23,getOfficeNumber
FNF:3
FNH:3
FNDA:3,Manager
FNDA:1,getRole
FNDA:1,getOfficeNumber
DA:1,1
DA:2,1
DA:3,1
DA:4,1
DA:5,1
DA:6,1
DA:7,1
DA:8,1
DA:9,1
DA:10,1
DA:11,1
DA:12,1
DA:13,1
DA:14,1
DA:15,1
DA:16,1
DA:17,3
DA:18,3
DA:19,3
DA:20,1
DA:21,1
DA:22,1
DA:23,1
DA:24,1
DA:25,1
DA:26,1
DA:27,1
LF:27
LH:27
BRDA:16,0,0,3
BRDA:20,1,0,1
BRDA:23,2,0,1
BRF:3
BRH:3
end_of_record
